<?xml version="1.0" encoding="UTF-8"?>
<!-- Generated by org.testng.reporters.JUnitReportReporter -->
<testsuite hostname="DESKTOP-R1MUA42" failures="0" tests="2" name="com.qa.rest.tests.TestOnLocalAPI" time="2.182" errors="0" timestamp="2021-11-25T20:35:21 PST" skipped="0">
  <testcase classname="com.qa.rest.tests.TestOnLocalAPI" name="get" time="0.168"/>
  <system-out/>
  <testcase classname="com.qa.rest.tests.TestOnLocalAPI" name="delete" time="2.014"/>
  <system-out/>
</testsuite> <!-- com.qa.rest.tests.TestOnLocalAPI -->
