<?xml version="1.0" encoding="UTF-8"?>
<!-- Generated by org.testng.reporters.JUnitReportReporter -->
<testsuite hostname="DESKTOP-R1MUA42" failures="0" tests="1" name="com.qa.rest.tests.normalGET" time="3.208" errors="0" timestamp="2021-12-01T23:11:19 PST" skipped="0">
  <testcase classname="com.qa.rest.tests.normalGET" name="get" time="3.208"/>
  <system-out/>
</testsuite> <!-- com.qa.rest.tests.normalGET -->
