<?xml version="1.0" encoding="UTF-8"?>
<!-- Generated by org.testng.reporters.JUnitReportReporter -->
<testsuite hostname="DESKTOP-R1MUA42" failures="0" tests="1" name="Tests_GET" time="4.445" errors="0" timestamp="2021-11-17T02:17:49 PST" skipped="0">
  <testcase classname="Tests_GET" name="test_1" time="4.445"/>
  <system-out/>
</testsuite> <!-- Tests_GET -->
