<?xml version="1.0" encoding="UTF-8"?>
<!-- Generated by org.testng.reporters.JUnitReportReporter -->
<testsuite hostname="DESKTOP-R1MUA42" failures="0" tests="1" name="com.qa.rest.tests.ComplexJsonParse" time="4.361" errors="0" timestamp="2021-11-30T10:40:34 PST" skipped="0">
  <testcase classname="com.qa.rest.tests.ComplexJsonParse" name="complex" time="4.361"/>
  <system-out/>
</testsuite> <!-- com.qa.rest.tests.ComplexJsonParse -->
