<?xml version="1.0" encoding="UTF-8"?>
<!-- Generated by org.testng.reporters.JUnitReportReporter -->
<testsuite hostname="DESKTOP-R1MUA42" failures="0" tests="1" name="com.qa.rest.tests.Basic" time="18.293" errors="0" timestamp="2021-11-27T21:21:47 PST" skipped="0">
  <testcase classname="com.qa.rest.tests.Basic" name="test" time="18.293"/>
  <system-out/>
</testsuite> <!-- com.qa.rest.tests.Basic -->
