<?xml version="1.0" encoding="UTF-8"?>
<!-- Generated by org.testng.reporters.JUnitReportReporter -->
<testsuite hostname="DESKTOP-R1MUA42" failures="0" tests="1" name="com.qa.rest.tests.Demo_get_request" time="2.443" errors="0" timestamp="2021-11-27T00:50:35 PST" skipped="0">
  <testcase classname="com.qa.rest.tests.Demo_get_request" name="getWeatherDetails" time="2.443"/>
  <system-out/>
</testsuite> <!-- com.qa.rest.tests.Demo_get_request -->
