<?xml version="1.0" encoding="UTF-8"?>
<!-- Generated by org.testng.reporters.JUnitReportReporter -->
<testsuite hostname="DESKTOP-R1MUA42" failures="0" tests="1" name="Tests_POST" time="3.582" errors="0" timestamp="2021-11-17T19:05:26 PST" skipped="0">
  <testcase classname="Tests_POST" name="test_1_post" time="3.582"/>
  <system-out/>
</testsuite> <!-- Tests_POST -->
